<?xml version="1.0" encoding="UTF-8"?>
<!-- Generated by org.testng.reporters.JUnitXMLReporter -->
<testsuite ignored="0" hostname="LAPTOP-M3HSMS1J" failures="0" tests="3" name="Test" time="0.073" errors="0" timestamp="2023-01-22T11:47:41 IST">
  <testcase classname="Practice.Testcase3" name="testCase3" time="0.008"/>
  <testcase classname="Practice.TestCase2" name="TestCaseTwo" time="0.002"/>
  <testcase classname="Practice.TestCase1" name="TestCaseOne" time="0.003"/>
</testsuite> <!-- Test -->
