<?xml version="1.0" encoding="UTF-8"?>
<!-- Generated by org.testng.reporters.JUnitXMLReporter -->
<testsuite ignored="0" hostname="LAPTOP-M3HSMS1J" failures="0" tests="4" name="Test" time="0.059" errors="0" timestamp="2023-01-22T12:18:09 IST">
  <testcase classname="Practice.Testcase3" name="testCase3" time="0.008"/>
  <testcase classname="Practice.TestCase2" name="TestCaseTwo" time="0.001"/>
  <testcase classname="Practice.TestCase1" name="TestCaseOne" time="0.001"/>
  <testcase classname="Practice.TestCase4" name="TestCaseFour" time="0.001"/>
</testsuite> <!-- Test -->
