<?xml version="1.0" encoding="UTF-8"?>
<testng-results ignored="0" total="4" passed="4" failed="0" skipped="0">
  <reporter-output>
    <line>
      <![CDATA[testCase3 called]]>
    </line>
    <line>
      <![CDATA[Test Case 2 called]]>
    </line>
    <line>
      <![CDATA[TestCaseOne 1 called]]>
    </line>
    <line>
      <![CDATA[TestCase 4 called]]>
    </line>
  </reporter-output>
  <suite started-at="2023-01-22T12:18:08 IST" name="Suite" finished-at="2023-01-22T12:18:08 IST" duration-ms="59">
    <groups>
    </groups>
    <test started-at="2023-01-22T12:18:08 IST" name="Test" finished-at="2023-01-22T12:18:08 IST" duration-ms="59">
      <class name="Practice.TestCase4">
        <test-method signature="TestCaseFour()[pri:0, instance:Practice.TestCase4@6bedbc4d]" started-at="2023-01-22T12:18:08 IST" name="TestCaseFour" finished-at="2023-01-22T12:18:08 IST" duration-ms="1" status="PASS">
          <reporter-output>
            <line>
              <![CDATA[TestCase 4 called]]>
            </line>
          </reporter-output>
        </test-method> <!-- TestCaseFour -->
      </class> <!-- Practice.TestCase4 -->
      <class name="Practice.TestCase2">
        <test-method signature="TestCaseTwo()[pri:2, instance:Practice.TestCase2@20f5239f]" started-at="2023-01-22T12:18:08 IST" name="TestCaseTwo" finished-at="2023-01-22T12:18:08 IST" duration-ms="1" status="PASS">
          <reporter-output>
            <line>
              <![CDATA[Test Case 2 called]]>
            </line>
          </reporter-output>
        </test-method> <!-- TestCaseTwo -->
      </class> <!-- Practice.TestCase2 -->
      <class name="Practice.TestCase1">
        <test-method signature="TestCaseOne()[pri:1, instance:Practice.TestCase1@57af006c]" started-at="2023-01-22T12:18:08 IST" name="TestCaseOne" finished-at="2023-01-22T12:18:08 IST" duration-ms="1" status="PASS">
          <reporter-output>
            <line>
              <![CDATA[TestCaseOne 1 called]]>
            </line>
          </reporter-output>
        </test-method> <!-- TestCaseOne -->
      </class> <!-- Practice.TestCase1 -->
      <class name="Practice.Testcase3">
        <test-method signature="testCase3()[pri:3, instance:Practice.Testcase3@51dcb805]" started-at="2023-01-22T12:18:08 IST" name="testCase3" finished-at="2023-01-22T12:18:08 IST" duration-ms="8" status="PASS">
          <reporter-output>
            <line>
              <![CDATA[testCase3 called]]>
            </line>
          </reporter-output>
        </test-method> <!-- testCase3 -->
      </class> <!-- Practice.Testcase3 -->
    </test> <!-- Test -->
  </suite> <!-- Suite -->
</testng-results>
